[22:16:01] [main/INFO]: Downloading the Minecraft versions manifest...
[22:16:02] [pool-1-thread-1/INFO]: Setting up names for Minecraft 1.16.5
[22:16:02] [pool-1-thread-1/INFO]: Detected existing mappings, verifying hashes...
[22:16:02] [pool-1-thread-2/INFO]: Detected existing Minecraft Server jar, verifying hashes...
[22:16:02] [main/INFO]: Scanning and verifying libraries in '/Users/shun/IdeaProjects/RealMap/run/libraries'. Please wait, this may take a moment...
[22:16:02] [pool-1-thread-3/DEBUG]: '/Users/shun/IdeaProjects/RealMap/run/./libraries/aopalliance/aopalliance/1.0/aopalliance-1.0.jar' verified!
[22:16:02] [pool-1-thread-5/DEBUG]: '/Users/shun/IdeaProjects/RealMap/run/./libraries/com/fasterxml/jackson/core/jackson-core/2.12.3/jackson-core-2.12.3.jar' verified!
[22:16:02] [pool-1-thread-7/DEBUG]: '/Users/shun/IdeaProjects/RealMap/run/./libraries/com/github/ben-manes/caffeine/guava/2.9.1/guava-2.9.1.jar' verified!
[22:16:02] [pool-1-thread-4/DEBUG]: '/Users/shun/IdeaProjects/RealMap/run/./libraries/ca/stellardrift/guice-backport/guice/5.0.1/guice-5.0.1.jar' verified!
[22:16:02] [pool-1-thread-12/DEBUG]: '/Users/shun/IdeaProjects/RealMap/run/./libraries/javax/inject/javax.inject/1/javax.inject-1.jar' verified!
[22:16:02] [pool-1-thread-13/DEBUG]: '/Users/shun/IdeaProjects/RealMap/run/./libraries/net/fabricmc/access-widener/1.0.2/access-widener-1.0.2.jar' verified!
[22:16:02] [pool-1-thread-13/DEBUG]: '/Users/shun/IdeaProjects/RealMap/run/./libraries/net/kyori/adventure-text-serializer-gson/4.8.1/adventure-text-serializer-gson-4.8.1.jar' verified!
[22:16:02] [pool-1-thread-15/DEBUG]: '/Users/shun/IdeaProjects/RealMap/run/./libraries/net/kyori/adventure-key/4.8.1/adventure-key-4.8.1.jar' verified!
[22:16:02] [pool-1-thread-10/DEBUG]: '/Users/shun/IdeaProjects/RealMap/run/./libraries/cpw/mods/grossjava9hacks/1.3.3/grossjava9hacks-1.3.3.jar' verified!
[22:16:02] [pool-1-thread-10/DEBUG]: '/Users/shun/IdeaProjects/RealMap/run/./libraries/net/kyori/examination-string/1.1.0/examination-string-1.1.0.jar' verified!
[22:16:02] [pool-1-thread-13/DEBUG]: '/Users/shun/IdeaProjects/RealMap/run/./libraries/net/kyori/adventure-text-serializer-legacy/4.8.1/adventure-text-serializer-legacy-4.8.1.jar' verified!
[22:16:02] [pool-1-thread-3/DEBUG]: '/Users/shun/IdeaProjects/RealMap/run/./libraries/net/kyori/examination-api/1.1.0/examination-api-1.1.0.jar' verified!
[22:16:02] [pool-1-thread-10/DEBUG]: '/Users/shun/IdeaProjects/RealMap/run/./libraries/net/minecrell/terminalconsoleappender/1.3.0-SNAPSHOT/terminalconsoleappender-1.3.0-SNAPSHOT.jar' verified!
[22:16:02] [pool-1-thread-16/DEBUG]: '/Users/shun/IdeaProjects/RealMap/run/./libraries/net/kyori/adventure-serializer-configurate4/4.8.1/adventure-serializer-configurate4-4.8.1.jar' verified!
[22:16:02] [pool-1-thread-14/DEBUG]: '/Users/shun/IdeaProjects/RealMap/run/./libraries/net/kyori/adventure-api/4.8.1/adventure-api-4.8.1.jar' verified!
[22:16:02] [pool-1-thread-15/DEBUG]: '/Users/shun/IdeaProjects/RealMap/run/./libraries/net/kyori/adventure-text-serializer-plain/4.8.1/adventure-text-serializer-plain-4.8.1.jar' verified!
[22:16:02] [pool-1-thread-10/DEBUG]: '/Users/shun/IdeaProjects/RealMap/run/./libraries/org/apache/logging/log4j/log4j-slf4j-impl/2.11.2/log4j-slf4j-impl-2.11.2.jar' verified!
[22:16:02] [pool-1-thread-11/DEBUG]: '/Users/shun/IdeaProjects/RealMap/run/./libraries/cpw/mods/modlauncher/8.0.9/modlauncher-8.0.9.jar' verified!
[22:16:02] [pool-1-thread-9/DEBUG]: '/Users/shun/IdeaProjects/RealMap/run/./libraries/com/zaxxer/HikariCP/2.6.3/HikariCP-2.6.3.jar' verified!
[22:16:02] [pool-1-thread-9/DEBUG]: '/Users/shun/IdeaProjects/RealMap/run/./libraries/org/spongepowered/configurate-extra-guice/4.1.1/configurate-extra-guice-4.1.1.jar' verified!
[22:16:02] [pool-1-thread-13/DEBUG]: '/Users/shun/IdeaProjects/RealMap/run/./libraries/org/apache/logging/log4j/log4j-api/2.11.2/log4j-api-2.11.2.jar' verified!
[22:16:02] [pool-1-thread-10/DEBUG]: '/Users/shun/IdeaProjects/RealMap/run/./libraries/org/jline/jline-terminal-jansi/3.20.0/jline-terminal-jansi-3.20.0.jar' verified!
[22:16:02] [pool-1-thread-16/DEBUG]: '/Users/shun/IdeaProjects/RealMap/run/./libraries/org/checkerframework/checker-qual/3.12.0/checker-qual-3.12.0.jar' verified!
[22:16:02] [pool-1-thread-10/DEBUG]: '/Users/shun/IdeaProjects/RealMap/run/./libraries/org/spongepowered/configurate-yaml/4.1.1/configurate-yaml-4.1.1.jar' verified!
[22:16:02] [pool-1-thread-14/DEBUG]: '/Users/shun/IdeaProjects/RealMap/run/./libraries/org/fusesource/jansi/jansi/2.3.3/jansi-2.3.3.jar' verified!
[22:16:02] [pool-1-thread-15/DEBUG]: '/Users/shun/IdeaProjects/RealMap/run/./libraries/org/jline/jline-terminal/3.20.0/jline-terminal-3.20.0.jar' verified!
[22:16:02] [pool-1-thread-15/DEBUG]: '/Users/shun/IdeaProjects/RealMap/run/./libraries/org/spongepowered/timings/1.0-SNAPSHOT/timings-1.0-SNAPSHOT.jar' verified!
[22:16:02] [pool-1-thread-5/DEBUG]: '/Users/shun/IdeaProjects/RealMap/run/./libraries/org/jline/jline-reader/3.20.0/jline-reader-3.20.0.jar' verified!
[22:16:02] [pool-1-thread-8/DEBUG]: '/Users/shun/IdeaProjects/RealMap/run/./libraries/com/lmax/disruptor/3.4.2/disruptor-3.4.2.jar' verified!
[22:16:02] [pool-1-thread-11/DEBUG]: '/Users/shun/IdeaProjects/RealMap/run/./libraries/org/slf4j/slf4j-api/1.7.25/slf4j-api-1.7.25.jar' verified!
[22:16:02] [pool-1-thread-9/DEBUG]: '/Users/shun/IdeaProjects/RealMap/run/./libraries/org/spongepowered/configurate-gson/4.1.1/configurate-gson-4.1.1.jar' verified!
[22:16:02] [pool-1-thread-7/DEBUG]: '/Users/shun/IdeaProjects/RealMap/run/./libraries/org/ow2/asm/asm-util/9.1/asm-util-9.1.jar' verified!
[22:16:02] [pool-1-thread-13/DEBUG]: '/Users/shun/IdeaProjects/RealMap/run/./libraries/org/spongepowered/configurate-jackson/4.1.1/configurate-jackson-4.1.1.jar' verified!
[22:16:02] [pool-1-thread-10/DEBUG]: '/Users/shun/IdeaProjects/RealMap/run/./libraries/org/spongepowered/plugin-meta/0.7.0/plugin-meta-0.7.0.jar' verified!
[22:16:02] [pool-1-thread-14/DEBUG]: '/Users/shun/IdeaProjects/RealMap/run/./libraries/org/spongepowered/plugin-spi/0.2.1-SNAPSHOT/plugin-spi-0.2.1-SNAPSHOT.jar' verified!
[22:16:02] [pool-1-thread-16/DEBUG]: '/Users/shun/IdeaProjects/RealMap/run/./libraries/org/spongepowered/math/2.0.0/math-2.0.0.jar' verified!
[22:16:02] [pool-1-thread-6/DEBUG]: '/Users/shun/IdeaProjects/RealMap/run/./libraries/com/github/ben-manes/caffeine/caffeine/2.9.1/caffeine-2.9.1.jar' verified!
[22:16:02] [pool-1-thread-15/DEBUG]: '/Users/shun/IdeaProjects/RealMap/run/./libraries/org/yaml/snakeyaml/1.28/snakeyaml-1.28.jar' verified!
[22:16:02] [pool-1-thread-4/DEBUG]: '/Users/shun/IdeaProjects/RealMap/run/./libraries/org/spongepowered/mixin/0.8.3/mixin-0.8.3.jar' verified!
[22:16:02] [pool-1-thread-3/DEBUG]: '/Users/shun/IdeaProjects/RealMap/run/./libraries/org/apache/logging/log4j/log4j-core/2.11.2/log4j-core-2.11.2.jar' verified!
[22:16:02] [pool-1-thread-1/INFO]: Mappings verified!
[22:16:02] [pool-1-thread-2/INFO]: Minecraft Server jar verified!
[22:16:02] [pool-1-thread-2/INFO]: Checking if we need to remap Minecraft...
[22:16:02] [pool-1-thread-2/INFO]: Remapped Minecraft detected, skipping...
[22:16:02] [main/INFO]: Environment has been verified.
[22:16:02] [main/DEBUG]: Adding jar /Users/shun/IdeaProjects/RealMap/run/./libraries/cpw/mods/grossjava9hacks/1.3.3/grossjava9hacks-1.3.3.jar to classpath
[22:16:02] [main/DEBUG]: Adding jar /Users/shun/IdeaProjects/RealMap/run/./libraries/org/spongepowered/plugin-spi/0.2.1-SNAPSHOT/plugin-spi-0.2.1-SNAPSHOT.jar to classpath
[22:16:02] [main/DEBUG]: Adding jar /Users/shun/IdeaProjects/RealMap/run/./libraries/net/kyori/adventure-key/4.8.1/adventure-key-4.8.1.jar to classpath
[22:16:02] [main/DEBUG]: Adding jar /Users/shun/IdeaProjects/RealMap/run/./libraries/net/kyori/examination-api/1.1.0/examination-api-1.1.0.jar to classpath
[22:16:02] [main/DEBUG]: Adding jar /Users/shun/IdeaProjects/RealMap/run/./libraries/org/jline/jline-terminal-jansi/3.20.0/jline-terminal-jansi-3.20.0.jar to classpath
[22:16:02] [main/DEBUG]: Adding jar /Users/shun/IdeaProjects/RealMap/run/./libraries/net/minecrell/terminalconsoleappender/1.3.0-SNAPSHOT/terminalconsoleappender-1.3.0-SNAPSHOT.jar to classpath
[22:16:02] [main/DEBUG]: Adding jar /Users/shun/IdeaProjects/RealMap/run/./libraries/org/spongepowered/plugin-meta/0.7.0/plugin-meta-0.7.0.jar to classpath
[22:16:02] [main/DEBUG]: Adding jar /Users/shun/IdeaProjects/RealMap/run/./libraries/org/spongepowered/mixin/0.8.3/mixin-0.8.3.jar to classpath
[22:16:02] [main/DEBUG]: Adding jar /Users/shun/IdeaProjects/RealMap/run/./libraries/net/kyori/adventure-api/4.8.1/adventure-api-4.8.1.jar to classpath
[22:16:02] [main/DEBUG]: Adding jar /Users/shun/IdeaProjects/RealMap/run/./libraries/org/jline/jline-terminal/3.20.0/jline-terminal-3.20.0.jar to classpath
[22:16:02] [main/DEBUG]: Adding jar /Users/shun/IdeaProjects/RealMap/run/./libraries/net/kyori/examination-string/1.1.0/examination-string-1.1.0.jar to classpath
[22:16:02] [main/DEBUG]: Adding jar /Users/shun/IdeaProjects/RealMap/run/./libraries/net/kyori/adventure-serializer-configurate4/4.8.1/adventure-serializer-configurate4-4.8.1.jar to classpath
[22:16:02] [main/DEBUG]: Adding jar /Users/shun/IdeaProjects/RealMap/run/./libraries/javax/inject/javax.inject/1/javax.inject-1.jar to classpath
[22:16:02] [main/DEBUG]: Adding jar /Users/shun/IdeaProjects/RealMap/run/./libraries/org/ow2/asm/asm-util/9.1/asm-util-9.1.jar to classpath
[22:16:02] [main/DEBUG]: Adding jar /Users/shun/IdeaProjects/RealMap/run/./libraries/com/github/ben-manes/caffeine/guava/2.9.1/guava-2.9.1.jar to classpath
[22:16:02] [main/DEBUG]: Adding jar /Users/shun/IdeaProjects/RealMap/run/./libraries/org/spongepowered/configurate-gson/4.1.1/configurate-gson-4.1.1.jar to classpath
[22:16:02] [main/DEBUG]: Adding jar /Users/shun/IdeaProjects/RealMap/run/./libraries/net/fabricmc/access-widener/1.0.2/access-widener-1.0.2.jar to classpath
[22:16:02] [main/DEBUG]: Adding jar /Users/shun/IdeaProjects/RealMap/run/./libraries/org/apache/logging/log4j/log4j-slf4j-impl/2.11.2/log4j-slf4j-impl-2.11.2.jar to classpath
[22:16:02] [main/DEBUG]: Adding jar /Users/shun/IdeaProjects/RealMap/run/./libraries/org/spongepowered/configurate-jackson/4.1.1/configurate-jackson-4.1.1.jar to classpath
[22:16:02] [main/DEBUG]: Adding jar /Users/shun/IdeaProjects/RealMap/run/./libraries/org/checkerframework/checker-qual/3.12.0/checker-qual-3.12.0.jar to classpath
[22:16:02] [main/DEBUG]: Adding jar /Users/shun/IdeaProjects/RealMap/run/./libraries/org/spongepowered/math/2.0.0/math-2.0.0.jar to classpath
[22:16:02] [main/DEBUG]: Adding jar /Users/shun/IdeaProjects/RealMap/run/./libraries/com/zaxxer/HikariCP/2.6.3/HikariCP-2.6.3.jar to classpath
[22:16:02] [main/DEBUG]: Adding jar /Users/shun/IdeaProjects/RealMap/run/./libraries/net/kyori/adventure-text-serializer-legacy/4.8.1/adventure-text-serializer-legacy-4.8.1.jar to classpath
[22:16:02] [main/DEBUG]: Adding jar /Users/shun/IdeaProjects/RealMap/run/./libraries/org/apache/logging/log4j/log4j-core/2.11.2/log4j-core-2.11.2.jar to classpath
[22:16:02] [main/DEBUG]: Adding jar /Users/shun/IdeaProjects/RealMap/run/./libraries/aopalliance/aopalliance/1.0/aopalliance-1.0.jar to classpath
[22:16:02] [main/DEBUG]: Adding jar /Users/shun/IdeaProjects/RealMap/run/./libraries/com/fasterxml/jackson/core/jackson-core/2.12.3/jackson-core-2.12.3.jar to classpath
[22:16:02] [main/DEBUG]: Adding jar /Users/shun/IdeaProjects/RealMap/run/./libraries/com/lmax/disruptor/3.4.2/disruptor-3.4.2.jar to classpath
[22:16:02] [main/DEBUG]: Adding jar /Users/shun/IdeaProjects/RealMap/run/./libraries/ca/stellardrift/guice-backport/guice/5.0.1/guice-5.0.1.jar to classpath
[22:16:02] [main/DEBUG]: Adding jar /Users/shun/IdeaProjects/RealMap/run/./libraries/cpw/mods/modlauncher/8.0.9/modlauncher-8.0.9.jar to classpath
[22:16:02] [main/DEBUG]: Adding jar /Users/shun/IdeaProjects/RealMap/run/./libraries/net/kyori/adventure-text-serializer-plain/4.8.1/adventure-text-serializer-plain-4.8.1.jar to classpath
[22:16:02] [main/DEBUG]: Adding jar /Users/shun/IdeaProjects/RealMap/run/./libraries/org/spongepowered/configurate-yaml/4.1.1/configurate-yaml-4.1.1.jar to classpath
[22:16:02] [main/DEBUG]: Adding jar /Users/shun/IdeaProjects/RealMap/run/./libraries/org/spongepowered/timings/1.0-SNAPSHOT/timings-1.0-SNAPSHOT.jar to classpath
[22:16:02] [main/DEBUG]: Adding jar /Users/shun/IdeaProjects/RealMap/run/./libraries/com/github/ben-manes/caffeine/caffeine/2.9.1/caffeine-2.9.1.jar to classpath
[22:16:02] [main/DEBUG]: Adding jar /Users/shun/IdeaProjects/RealMap/run/./libraries/org/yaml/snakeyaml/1.28/snakeyaml-1.28.jar to classpath
[22:16:02] [main/DEBUG]: Adding jar /Users/shun/IdeaProjects/RealMap/run/./libraries/org/spongepowered/configurate-extra-guice/4.1.1/configurate-extra-guice-4.1.1.jar to classpath
[22:16:02] [main/DEBUG]: Adding jar /Users/shun/IdeaProjects/RealMap/run/./libraries/org/jline/jline-reader/3.20.0/jline-reader-3.20.0.jar to classpath
[22:16:02] [main/DEBUG]: Adding jar /Users/shun/IdeaProjects/RealMap/run/./libraries/net/kyori/adventure-text-serializer-gson/4.8.1/adventure-text-serializer-gson-4.8.1.jar to classpath
[22:16:02] [main/DEBUG]: Adding jar /Users/shun/IdeaProjects/RealMap/run/./libraries/org/apache/logging/log4j/log4j-api/2.11.2/log4j-api-2.11.2.jar to classpath
[22:16:02] [main/DEBUG]: Adding jar /Users/shun/IdeaProjects/RealMap/run/./libraries/org/slf4j/slf4j-api/1.7.25/slf4j-api-1.7.25.jar to classpath
[22:16:02] [main/DEBUG]: Adding jar /Users/shun/IdeaProjects/RealMap/run/./libraries/org/fusesource/jansi/jansi/2.3.3/jansi-2.3.3.jar to classpath
[22:16:02] [main/DEBUG]: Adding jar libraries/net/minecraft/1.16.5/minecraft_server_remapped.jar to classpath
