[03七月2021 22:31:20] [main/INFO]: Transitioning to ModLauncher, please wait...
[03七月2021 22:31:20] [main/INFO]: ModLauncher running: args [--nogui, --launchTarget, sponge_server_prod]
[03七月2021 22:31:20] [main/INFO]: ModLauncher 8.0.9+86+master.3cf110c starting: java version 1.8.0_292 by AdoptOpenJDK
[03七月2021 22:31:20] [main/INFO]: SpongePowered PLUGIN Subsystem Version=0.2.1-SNAPSHOT Source=file:/C:/Users/93206/.gradle/caches/modules-2/files-2.1/org.spongepowered/spongevanilla/1.16.5-8.0.0-RC709/e2f83ee42282124b3d4af8b40ed2637d67e7507/spongevanilla-1.16.5-8.0.0-RC709-universal.jar
[03七月2021 22:31:20] [main/INFO]: Plugin resource locator 'java_directory' found.
[03七月2021 22:31:20] [main/INFO]: Plugin resource locator 'java_classpath' found.
[03七月2021 22:31:20] [main/INFO]: Plugin language loader 'java_plain' found.
[03七月2021 22:31:20] [main/INFO]: SpongePowered MIXIN Subsystem Version=0.8.3 Source=file:/C:/Users/93206/IdeaProjects/RealMap/run/libraries/org/spongepowered/mixin/0.8.3/mixin-0.8.3.jar Service=ModLauncher Env=SERVER
[03七月2021 22:31:20] [main/INFO]: Locating 'java_directory' resources...
[03七月2021 22:31:20] [main/INFO]: Located [0] resource(s) for 'java_directory'...
[03七月2021 22:31:20] [main/INFO]: Locating 'java_classpath' resources...
[03七月2021 22:31:20] [main/INFO]: Located [2] resource(s) for 'java_classpath'...
[03七月2021 22:31:20] [main/INFO]: Launching target 'sponge_server_prod' with arguments [--nogui]
[03七月2021 22:31:20] [main/INFO]: Transitioning to Sponge launch, please wait...
[03七月2021 22:31:21] [main/INFO]: Loading Sponge, please wait...
[03七月2021 22:31:33] [main/INFO]: Loaded plugin(s): [minecraft, spongeapi, sponge, spongevanilla, realmap]
[03七月2021 22:31:33] [main/INFO]: Registered service [PaginationService] to plugin 'sponge'.
[03七月2021 22:31:33] [main/INFO]: Loading Minecraft Server, please wait...
[03七月2021 22:31:35] [main/INFO]: Environment: authHost='https://authserver.mojang.com', accountsHost='https://api.mojang.com', sessionHost='https://sessionserver.mojang.com', servicesHost='https://api.minecraftservices.com', name='PROD'
[03七月2021 22:31:38] [main/INFO]: Reloading ResourceManager: Default
[03七月2021 22:31:39] [Worker-Main-10/INFO]: Loaded 859 recipes
[03七月2021 22:31:40] [Worker-Main-10/INFO]: Loaded 927 advancements
[03七月2021 22:31:41] [Server thread/INFO]: Registered service [BanService] to plugin 'sponge'.
[03七月2021 22:31:41] [Server thread/INFO]: Registered service [ContextService] to plugin 'sponge'.
[03七月2021 22:31:41] [Server thread/INFO]: Registered service [PermissionService] to plugin 'sponge'.
[03七月2021 22:31:41] [Server thread/INFO]: Registered service [WhitelistService] to plugin 'sponge'.
[03七月2021 22:31:41] [Server thread/INFO]: Starting minecraft server version 1.16.5
[03七月2021 22:31:41] [Server thread/INFO]: Loading properties
[03七月2021 22:31:41] [Server thread/INFO]: Default game type: SURVIVAL
[03七月2021 22:31:41] [Server thread/INFO]: Generating keypair
[03七月2021 22:31:41] [Server thread/INFO]: Starting Minecraft server on *:25565
[03七月2021 22:31:41] [Server thread/INFO]: Using default channel type
[03七月2021 22:31:43] [Server thread/WARN]: **** SERVER IS RUNNING IN OFFLINE/INSECURE MODE!
[03七月2021 22:31:43] [Server thread/WARN]: The server will make no attempt to authenticate usernames. Beware.
[03七月2021 22:31:43] [Server thread/WARN]: While this makes the game possible to play without internet access, it also opens up the ability for hackers to connect with any username they choose.
[03七月2021 22:31:43] [Server thread/WARN]: To change this, set "online-mode" to "true" in the server.properties file.
[03七月2021 22:31:43] [Server thread/INFO]: Preparing level "world"
[03七月2021 22:31:43] [Server thread/INFO]: Loading world 'minecraft:overworld' (minecraft:overworld)
[03七月2021 22:31:43] [Server thread/INFO]: Loading world 'minecraft:the_nether' (minecraft:the_nether)
[03七月2021 22:31:43] [Server thread/INFO]: Loading world 'minecraft:the_end' (minecraft:the_end)
[03七月2021 22:31:43] [Server thread/INFO]: Preparing start region for world 'minecraft:overworld' (minecraft:overworld)
[03七月2021 22:31:44] [Server thread/INFO]: Preparing spawn area: 0%
[03七月2021 22:31:44] [Server thread/INFO]: Preparing spawn area: 0%
[03七月2021 22:31:44] [Server thread/INFO]: Preparing spawn area: 0%
[03七月2021 22:31:45] [Server thread/INFO]: Preparing spawn area: 83%
[03七月2021 22:31:45] [Server thread/INFO]: Preparing spawn area: 84%
[03七月2021 22:31:45] [Server thread/INFO]: Time elapsed: 2478 ms
[03七月2021 22:31:45] [Server thread/INFO]: Done (2.929s)! For help, type "help"
