[15:09:33] [main/INFO]: Downloading the Minecraft versions manifest...
[15:09:34] [pool-1-thread-1/INFO]: Setting up names for Minecraft 1.16.5
[15:09:34] [pool-1-thread-1/INFO]: Detected existing mappings, verifying hashes...
[15:09:34] [pool-1-thread-2/INFO]: Detected existing Minecraft Server jar, verifying hashes...
[15:09:34] [main/INFO]: Scanning and verifying libraries in '/Users/shun/IdeaProjects/RealMap/run/libraries'. Please wait, this may take a moment...
[15:09:34] [pool-1-thread-1/INFO]: Mappings verified!
[15:09:34] [pool-1-thread-2/INFO]: Minecraft Server jar verified!
[15:09:34] [pool-1-thread-2/INFO]: Checking if we need to remap Minecraft...
[15:09:34] [pool-1-thread-2/INFO]: Remapped Minecraft detected, skipping...
[15:09:35] [pool-1-thread-11/INFO]: Downloading adventure-serializer-configurate4-4.8.1.jar. This may take a while...
[15:09:35] [pool-1-thread-10/INFO]: Downloading adventure-text-serializer-plain-4.8.1.jar. This may take a while...
[15:09:36] [pool-1-thread-3/INFO]: Downloading adventure-text-serializer-legacy-4.8.1.jar. This may take a while...
[15:09:36] [pool-1-thread-9/INFO]: Downloading adventure-text-serializer-gson-4.8.1.jar. This may take a while...
[15:09:36] [pool-1-thread-7/INFO]: Downloading adventure-api-4.8.1.jar. This may take a while...
[15:09:36] [pool-1-thread-8/INFO]: Downloading adventure-key-4.8.1.jar. This may take a while...
[15:09:36] [pool-1-thread-10/INFO]: Successfully downloaded adventure-text-serializer-plain-4.8.1.jar and verified checksum!
[15:09:36] [pool-1-thread-11/INFO]: Successfully downloaded adventure-serializer-configurate4-4.8.1.jar and verified checksum!
[15:09:37] [pool-1-thread-8/INFO]: Successfully downloaded adventure-key-4.8.1.jar and verified checksum!
[15:09:37] [pool-1-thread-9/INFO]: Successfully downloaded adventure-text-serializer-gson-4.8.1.jar and verified checksum!
[15:09:37] [pool-1-thread-3/INFO]: Successfully downloaded adventure-text-serializer-legacy-4.8.1.jar and verified checksum!
[15:09:38] [pool-1-thread-7/INFO]: Successfully downloaded adventure-api-4.8.1.jar and verified checksum!
[15:09:38] [main/INFO]: Environment has been verified.
